[debug] [2025-08-24T17:45:30.786Z] ----------------------------------------------------------------------
[debug] [2025-08-24T17:45:30.787Z] Command:       /usr/local/bin/node /usr/local/bin/firebase init
[debug] [2025-08-24T17:45:30.787Z] CLI Version:   14.14.0
[debug] [2025-08-24T17:45:30.788Z] Platform:      darwin
[debug] [2025-08-24T17:45:30.788Z] Node Version:  v20.17.0
[debug] [2025-08-24T17:45:30.788Z] Time:          Sun Aug 24 2025 12:45:30 GMT-0500 (Central Daylight Time)
[debug] [2025-08-24T17:45:30.788Z] ----------------------------------------------------------------------
[debug] 
[debug] [2025-08-24T17:45:30.790Z] > command requires scopes: ["email","openid","https://www.googleapis.com/auth/cloudplatformprojects.readonly","https://www.googleapis.com/auth/firebase","https://www.googleapis.com/auth/cloud-platform"]
[debug] [2025-08-24T17:45:30.790Z] > authorizing via signed-in user (zakfoster@gmail.com)
[info] 
     ######## #### ########  ######## ########     ###     ######  ########
     ##        ##  ##     ## ##       ##     ##  ##   ##  ##       ##
     ######    ##  ########  ######   ########  #########  ######  ######
     ##        ##  ##    ##  ##       ##     ## ##     ##       ## ##
     ##       #### ##     ## ######## ########  ##     ##  ######  ########

You're about to initialize a Firebase project in this directory:

  /Users/zakfoster/Desktop/our-daily-improved

[info] 
=== Project Setup
[info] 
[info] First, let's associate this project directory with a Firebase project.
[info] You can create multiple project aliases by running firebase use --add, 
[info] but for now we'll just set up a default project.
[info] 
[debug] [2025-08-24T17:46:32.257Z] Checked if tokens are valid: true, expires at: 1756061119612
[debug] [2025-08-24T17:46:32.257Z] Checked if tokens are valid: true, expires at: 1756061119612
[debug] [2025-08-24T17:46:32.259Z] >>> [apiv2][query] GET https://firebase.googleapis.com/v1beta1/projects pageSize=100
[debug] [2025-08-24T17:46:32.697Z] <<< [apiv2][status] GET https://firebase.googleapis.com/v1beta1/projects 200
[debug] [2025-08-24T17:46:32.698Z] <<< [apiv2][body] GET https://firebase.googleapis.com/v1beta1/projects [omitted]
[info] i  Using project our-daily (OUR DAILY) 
[info] 
=== App Hosting Setup
[debug] [2025-08-24T17:46:38.159Z] Checked if tokens are valid: true, expires at: 1756061119612
[debug] [2025-08-24T17:46:38.159Z] Checked if tokens are valid: true, expires at: 1756061119612
[debug] [2025-08-24T17:46:38.159Z] >>> [apiv2][query] GET https://cloudbilling.googleapis.com/v1/projects/our-daily/billingInfo [none]
[debug] [2025-08-24T17:46:38.409Z] <<< [apiv2][status] GET https://cloudbilling.googleapis.com/v1/projects/our-daily/billingInfo 200
[debug] [2025-08-24T17:46:38.410Z] <<< [apiv2][body] GET https://cloudbilling.googleapis.com/v1/projects/our-daily/billingInfo {"name":"projects/our-daily/billingInfo","projectId":"our-daily","billingAccountName":"billingAccounts/01FCA7-AEF5DD-9B48C9","billingEnabled":true}
[debug] [2025-08-24T17:46:38.410Z] Checked if tokens are valid: true, expires at: 1756061119612
[debug] [2025-08-24T17:46:38.410Z] Checked if tokens are valid: true, expires at: 1756061119612
[debug] [2025-08-24T17:46:38.411Z] >>> [apiv2][query] GET https://serviceusage.googleapis.com/v1/projects/our-daily/services/firebaseapphosting.googleapis.com [none]
[debug] [2025-08-24T17:46:38.411Z] >>> [apiv2][(partial)header] GET https://serviceusage.googleapis.com/v1/projects/our-daily/services/firebaseapphosting.googleapis.com x-goog-quota-user=projects/our-daily
[debug] [2025-08-24T17:46:39.085Z] <<< [apiv2][status] GET https://serviceusage.googleapis.com/v1/projects/our-daily/services/firebaseapphosting.googleapis.com 200
[debug] [2025-08-24T17:46:39.086Z] <<< [apiv2][body] GET https://serviceusage.googleapis.com/v1/projects/our-daily/services/firebaseapphosting.googleapis.com [omitted]
[debug] [2025-08-24T17:46:39.086Z] Checked if tokens are valid: true, expires at: 1756061119612
[debug] [2025-08-24T17:46:39.086Z] Checked if tokens are valid: true, expires at: 1756061119612
[debug] [2025-08-24T17:46:39.086Z] >>> [apiv2][query] POST https://serviceusage.googleapis.com/v1/projects/our-daily/services/firebaseapphosting.googleapis.com:enable [none]
[debug] [2025-08-24T17:46:39.086Z] >>> [apiv2][(partial)header] POST https://serviceusage.googleapis.com/v1/projects/our-daily/services/firebaseapphosting.googleapis.com:enable x-goog-quota-user=projects/our-daily
[debug] [2025-08-24T17:46:39.781Z] <<< [apiv2][status] POST https://serviceusage.googleapis.com/v1/projects/our-daily/services/firebaseapphosting.googleapis.com:enable 200
[debug] [2025-08-24T17:46:39.781Z] <<< [apiv2][body] POST https://serviceusage.googleapis.com/v1/projects/our-daily/services/firebaseapphosting.googleapis.com:enable [omitted]
[debug] [2025-08-24T17:46:49.792Z] Checked if tokens are valid: true, expires at: 1756061119612
[debug] [2025-08-24T17:46:49.792Z] Checked if tokens are valid: true, expires at: 1756061119612
[debug] [2025-08-24T17:46:49.792Z] Checked if tokens are valid: true, expires at: 1756061119612
[debug] [2025-08-24T17:46:49.793Z] Checked if tokens are valid: true, expires at: 1756061119612
[debug] [2025-08-24T17:46:49.793Z] Checked if tokens are valid: true, expires at: 1756061119612
[debug] [2025-08-24T17:46:49.793Z] Checked if tokens are valid: true, expires at: 1756061119612
[debug] [2025-08-24T17:46:49.793Z] Checked if tokens are valid: true, expires at: 1756061119612
[debug] [2025-08-24T17:46:49.793Z] Checked if tokens are valid: true, expires at: 1756061119612
[debug] [2025-08-24T17:46:49.793Z] Checked if tokens are valid: true, expires at: 1756061119612
[debug] [2025-08-24T17:46:49.793Z] Checked if tokens are valid: true, expires at: 1756061119612
[debug] [2025-08-24T17:46:49.793Z] Checked if tokens are valid: true, expires at: 1756061119612
[debug] [2025-08-24T17:46:49.793Z] Checked if tokens are valid: true, expires at: 1756061119612
[debug] [2025-08-24T17:46:49.793Z] >>> [apiv2][query] GET https://serviceusage.googleapis.com/v1/projects/our-daily/services/developerconnect.googleapis.com [none]
[debug] [2025-08-24T17:46:49.793Z] >>> [apiv2][(partial)header] GET https://serviceusage.googleapis.com/v1/projects/our-daily/services/developerconnect.googleapis.com x-goog-quota-user=projects/our-daily
[debug] [2025-08-24T17:46:49.794Z] >>> [apiv2][query] GET https://serviceusage.googleapis.com/v1/projects/our-daily/services/cloudbuild.googleapis.com [none]
[debug] [2025-08-24T17:46:49.794Z] >>> [apiv2][(partial)header] GET https://serviceusage.googleapis.com/v1/projects/our-daily/services/cloudbuild.googleapis.com x-goog-quota-user=projects/our-daily
[debug] [2025-08-24T17:46:49.796Z] >>> [apiv2][query] GET https://serviceusage.googleapis.com/v1/projects/our-daily/services/secretmanager.googleapis.com [none]
[debug] [2025-08-24T17:46:49.796Z] >>> [apiv2][(partial)header] GET https://serviceusage.googleapis.com/v1/projects/our-daily/services/secretmanager.googleapis.com x-goog-quota-user=projects/our-daily
[debug] [2025-08-24T17:46:49.797Z] >>> [apiv2][query] GET https://serviceusage.googleapis.com/v1/projects/our-daily/services/run.googleapis.com [none]
[debug] [2025-08-24T17:46:49.797Z] >>> [apiv2][(partial)header] GET https://serviceusage.googleapis.com/v1/projects/our-daily/services/run.googleapis.com x-goog-quota-user=projects/our-daily
[debug] [2025-08-24T17:46:49.797Z] >>> [apiv2][query] GET https://serviceusage.googleapis.com/v1/projects/our-daily/services/artifactregistry.googleapis.com [none]
[debug] [2025-08-24T17:46:49.797Z] >>> [apiv2][(partial)header] GET https://serviceusage.googleapis.com/v1/projects/our-daily/services/artifactregistry.googleapis.com x-goog-quota-user=projects/our-daily
[debug] [2025-08-24T17:46:49.799Z] >>> [apiv2][query] GET https://serviceusage.googleapis.com/v1/projects/our-daily/services/iam.googleapis.com [none]
[debug] [2025-08-24T17:46:49.799Z] >>> [apiv2][(partial)header] GET https://serviceusage.googleapis.com/v1/projects/our-daily/services/iam.googleapis.com x-goog-quota-user=projects/our-daily
[debug] [2025-08-24T17:46:50.282Z] <<< [apiv2][status] GET https://serviceusage.googleapis.com/v1/projects/our-daily/services/run.googleapis.com 200
[debug] [2025-08-24T17:46:50.282Z] <<< [apiv2][body] GET https://serviceusage.googleapis.com/v1/projects/our-daily/services/run.googleapis.com [omitted]
[debug] [2025-08-24T17:46:50.293Z] <<< [apiv2][status] GET https://serviceusage.googleapis.com/v1/projects/our-daily/services/secretmanager.googleapis.com 200
[debug] [2025-08-24T17:46:50.293Z] <<< [apiv2][body] GET https://serviceusage.googleapis.com/v1/projects/our-daily/services/secretmanager.googleapis.com [omitted]
[debug] [2025-08-24T17:46:50.301Z] <<< [apiv2][status] GET https://serviceusage.googleapis.com/v1/projects/our-daily/services/artifactregistry.googleapis.com 200
[debug] [2025-08-24T17:46:50.301Z] <<< [apiv2][body] GET https://serviceusage.googleapis.com/v1/projects/our-daily/services/artifactregistry.googleapis.com [omitted]
[debug] [2025-08-24T17:46:50.308Z] <<< [apiv2][status] GET https://serviceusage.googleapis.com/v1/projects/our-daily/services/cloudbuild.googleapis.com 200
[debug] [2025-08-24T17:46:50.308Z] <<< [apiv2][body] GET https://serviceusage.googleapis.com/v1/projects/our-daily/services/cloudbuild.googleapis.com [omitted]
[debug] [2025-08-24T17:46:50.314Z] <<< [apiv2][status] GET https://serviceusage.googleapis.com/v1/projects/our-daily/services/developerconnect.googleapis.com 200
[debug] [2025-08-24T17:46:50.314Z] <<< [apiv2][body] GET https://serviceusage.googleapis.com/v1/projects/our-daily/services/developerconnect.googleapis.com [omitted]
[debug] [2025-08-24T17:46:50.314Z] Checked if tokens are valid: true, expires at: 1756061119612
[debug] [2025-08-24T17:46:50.314Z] Checked if tokens are valid: true, expires at: 1756061119612
[debug] [2025-08-24T17:46:50.314Z] >>> [apiv2][query] POST https://serviceusage.googleapis.com/v1/projects/our-daily/services/developerconnect.googleapis.com:enable [none]
[debug] [2025-08-24T17:46:50.314Z] >>> [apiv2][(partial)header] POST https://serviceusage.googleapis.com/v1/projects/our-daily/services/developerconnect.googleapis.com:enable x-goog-quota-user=projects/our-daily
[debug] [2025-08-24T17:46:50.315Z] <<< [apiv2][status] GET https://serviceusage.googleapis.com/v1/projects/our-daily/services/iam.googleapis.com 200
[debug] [2025-08-24T17:46:50.316Z] <<< [apiv2][body] GET https://serviceusage.googleapis.com/v1/projects/our-daily/services/iam.googleapis.com [omitted]
[debug] [2025-08-24T17:46:50.985Z] <<< [apiv2][status] POST https://serviceusage.googleapis.com/v1/projects/our-daily/services/developerconnect.googleapis.com:enable 200
[debug] [2025-08-24T17:46:50.985Z] <<< [apiv2][body] POST https://serviceusage.googleapis.com/v1/projects/our-daily/services/developerconnect.googleapis.com:enable [omitted]
[debug] [2025-08-24T17:47:00.997Z] Checked if tokens are valid: true, expires at: 1756061119612
[debug] [2025-08-24T17:47:00.997Z] Checked if tokens are valid: true, expires at: 1756061119612
[debug] [2025-08-24T17:47:00.997Z] >>> [apiv2][query] POST https://iam.googleapis.com/v1/projects/our-daily/serviceAccounts/firebase-app-hosting-compute@our-daily.iam.gserviceaccount.com:testIamPermissions [none]
[debug] [2025-08-24T17:47:00.997Z] >>> [apiv2][(partial)header] POST https://iam.googleapis.com/v1/projects/our-daily/serviceAccounts/firebase-app-hosting-compute@our-daily.iam.gserviceaccount.com:testIamPermissions x-goog-quota-user=projects/our-daily
[debug] [2025-08-24T17:47:00.997Z] >>> [apiv2][body] POST https://iam.googleapis.com/v1/projects/our-daily/serviceAccounts/firebase-app-hosting-compute@our-daily.iam.gserviceaccount.com:testIamPermissions {"permissions":["iam.serviceAccounts.actAs"]}
[debug] [2025-08-24T17:47:01.241Z] <<< [apiv2][status] POST https://iam.googleapis.com/v1/projects/our-daily/serviceAccounts/firebase-app-hosting-compute@our-daily.iam.gserviceaccount.com:testIamPermissions 404
[debug] [2025-08-24T17:47:01.241Z] <<< [apiv2][body] POST https://iam.googleapis.com/v1/projects/our-daily/serviceAccounts/firebase-app-hosting-compute@our-daily.iam.gserviceaccount.com:testIamPermissions {"error":{"code":404,"message":"Unknown service account","status":"NOT_FOUND"}}
[debug] [2025-08-24T17:47:01.242Z] Checked if tokens are valid: true, expires at: 1756061119612
[debug] [2025-08-24T17:47:01.242Z] Checked if tokens are valid: true, expires at: 1756061119612
[debug] [2025-08-24T17:47:01.242Z] >>> [apiv2][query] POST https://iam.googleapis.com/v1/projects/our-daily/serviceAccounts [none]
[debug] [2025-08-24T17:47:01.242Z] >>> [apiv2][body] POST https://iam.googleapis.com/v1/projects/our-daily/serviceAccounts {"accountId":"firebase-app-hosting-compute","serviceAccount":{"displayName":"Firebase App Hosting compute service account","description":"Default service account used to run builds and deploys for Firebase App Hosting"}}
[debug] [2025-08-24T17:47:01.843Z] <<< [apiv2][status] POST https://iam.googleapis.com/v1/projects/our-daily/serviceAccounts 200
[debug] [2025-08-24T17:47:01.843Z] <<< [apiv2][body] POST https://iam.googleapis.com/v1/projects/our-daily/serviceAccounts [omitted]
[debug] [2025-08-24T17:47:01.843Z] Checked if tokens are valid: true, expires at: 1756061119612
[debug] [2025-08-24T17:47:01.844Z] Checked if tokens are valid: true, expires at: 1756061119612
[debug] [2025-08-24T17:47:01.844Z] >>> [apiv2][query] POST https://cloudresourcemanager.googleapis.com/v1/projects/our-daily:getIamPolicy [none]
[debug] [2025-08-24T17:47:02.161Z] <<< [apiv2][status] POST https://cloudresourcemanager.googleapis.com/v1/projects/our-daily:getIamPolicy 200
[debug] [2025-08-24T17:47:02.162Z] <<< [apiv2][body] POST https://cloudresourcemanager.googleapis.com/v1/projects/our-daily:getIamPolicy {"version":1,"etag":"BwY9IAXRqdI=","bindings":[{"role":"roles/cloudaicompanion.serviceAgent","members":["serviceAccount:service-337201931314@gcp-sa-cloudaicompanion.iam.gserviceaccount.com"]},{"role":"roles/cloudbuild.builds.builder","members":["serviceAccount:337201931314@cloudbuild.gserviceaccount.com"]},{"role":"roles/cloudbuild.serviceAgent","members":["serviceAccount:service-337201931314@gcp-sa-cloudbuild.iam.gserviceaccount.com"]},{"role":"roles/containerregistry.ServiceAgent","members":["serviceAccount:service-337201931314@containerregistry.iam.gserviceaccount.com"]},{"role":"roles/editor","members":["serviceAccount:337201931314-compute@developer.gserviceaccount.com"]},{"role":"roles/firebase.managementServiceAgent","members":["serviceAccount:service-337201931314@gcp-sa-firebase.iam.gserviceaccount.com"]},{"role":"roles/firebase.sdkAdminServiceAgent","members":["serviceAccount:firebase-adminsdk-fbsvc@our-daily.iam.gserviceaccount.com"]},{"role":"roles/firebaseauth.admin","members":["serviceAccount:firebase-adminsdk-fbsvc@our-daily.iam.gserviceaccount.com"]},{"role":"roles/firebaserules.system","members":["serviceAccount:service-337201931314@firebase-rules.iam.gserviceaccount.com"]},{"role":"roles/firebasestorage.serviceAgent","members":["serviceAccount:service-337201931314@gcp-sa-firebasestorage.iam.gserviceaccount.com"]},{"role":"roles/firestore.serviceAgent","members":["serviceAccount:service-337201931314@gcp-sa-firestore.iam.gserviceaccount.com"]},{"role":"roles/iam.serviceAccountTokenCreator","members":["serviceAccount:firebase-adminsdk-fbsvc@our-daily.iam.gserviceaccount.com"]},{"role":"roles/owner","members":["user:zakfoster@gmail.com"]},{"role":"roles/run.serviceAgent","members":["serviceAccount:service-337201931314@serverless-robot-prod.iam.gserviceaccount.com"]},{"role":"roles/storage.admin","members":["serviceAccount:firebase-adminsdk-fbsvc@our-daily.iam.gserviceaccount.com"]}]}
[debug] [2025-08-24T17:47:02.162Z] Checked if tokens are valid: true, expires at: 1756061119612
[debug] [2025-08-24T17:47:02.162Z] Checked if tokens are valid: true, expires at: 1756061119612
[debug] [2025-08-24T17:47:02.163Z] >>> [apiv2][query] POST https://cloudresourcemanager.googleapis.com/v1/projects/our-daily:setIamPolicy [none]
[debug] [2025-08-24T17:47:02.163Z] >>> [apiv2][body] POST https://cloudresourcemanager.googleapis.com/v1/projects/our-daily:setIamPolicy {"policy":{"version":1,"etag":"BwY9IAXRqdI=","bindings":[{"role":"roles/cloudaicompanion.serviceAgent","members":["serviceAccount:service-337201931314@gcp-sa-cloudaicompanion.iam.gserviceaccount.com"]},{"role":"roles/cloudbuild.builds.builder","members":["serviceAccount:337201931314@cloudbuild.gserviceaccount.com"]},{"role":"roles/cloudbuild.serviceAgent","members":["serviceAccount:service-337201931314@gcp-sa-cloudbuild.iam.gserviceaccount.com"]},{"role":"roles/containerregistry.ServiceAgent","members":["serviceAccount:service-337201931314@containerregistry.iam.gserviceaccount.com"]},{"role":"roles/editor","members":["serviceAccount:337201931314-compute@developer.gserviceaccount.com"]},{"role":"roles/firebase.managementServiceAgent","members":["serviceAccount:service-337201931314@gcp-sa-firebase.iam.gserviceaccount.com"]},{"role":"roles/firebase.sdkAdminServiceAgent","members":["serviceAccount:firebase-adminsdk-fbsvc@our-daily.iam.gserviceaccount.com","serviceAccount:firebase-app-hosting-compute@our-daily.iam.gserviceaccount.com"]},{"role":"roles/firebaseauth.admin","members":["serviceAccount:firebase-adminsdk-fbsvc@our-daily.iam.gserviceaccount.com"]},{"role":"roles/firebaserules.system","members":["serviceAccount:service-337201931314@firebase-rules.iam.gserviceaccount.com"]},{"role":"roles/firebasestorage.serviceAgent","members":["serviceAccount:service-337201931314@gcp-sa-firebasestorage.iam.gserviceaccount.com"]},{"role":"roles/firestore.serviceAgent","members":["serviceAccount:service-337201931314@gcp-sa-firestore.iam.gserviceaccount.com"]},{"role":"roles/iam.serviceAccountTokenCreator","members":["serviceAccount:firebase-adminsdk-fbsvc@our-daily.iam.gserviceaccount.com"]},{"role":"roles/owner","members":["user:zakfoster@gmail.com"]},{"role":"roles/run.serviceAgent","members":["serviceAccount:service-337201931314@serverless-robot-prod.iam.gserviceaccount.com"]},{"role":"roles/storage.admin","members":["serviceAccount:firebase-adminsdk-fbsvc@our-daily.iam.gserviceaccount.com"]},{"role":"roles/firebaseapphosting.computeRunner","members":["serviceAccount:firebase-app-hosting-compute@our-daily.iam.gserviceaccount.com"]},{"role":"roles/developerconnect.readTokenAccessor","members":["serviceAccount:firebase-app-hosting-compute@our-daily.iam.gserviceaccount.com"]},{"role":"roles/storage.objectViewer","members":["serviceAccount:firebase-app-hosting-compute@our-daily.iam.gserviceaccount.com"]}]},"updateMask":"bindings"}
[debug] [2025-08-24T17:47:02.664Z] <<< [apiv2][status] POST https://cloudresourcemanager.googleapis.com/v1/projects/our-daily:setIamPolicy 400
[debug] [2025-08-24T17:47:02.665Z] <<< [apiv2][body] POST https://cloudresourcemanager.googleapis.com/v1/projects/our-daily:setIamPolicy {"error":{"code":400,"message":"Service account firebase-app-hosting-compute@our-daily.iam.gserviceaccount.com does not exist.","status":"INVALID_ARGUMENT"}}
[warn] ⚠  Your App Hosting compute service account is still being provisioned in the background. If you encounter an error, please try again after a few moments. 
[info] i  This command links your local project to Firebase App Hosting. You will be able to deploy your web app with `firebase deploy` after setup. 
[info] i  === Set up your backend 
[debug] [2025-08-24T17:47:02.669Z] Checked if tokens are valid: true, expires at: 1756061119612
[debug] [2025-08-24T17:47:02.669Z] Checked if tokens are valid: true, expires at: 1756061119612
[debug] [2025-08-24T17:47:02.669Z] >>> [apiv2][query] GET https://firebaseapphosting.googleapis.com/v1beta/projects/our-daily/locations 
[debug] [2025-08-24T17:47:03.064Z] <<< [apiv2][status] GET https://firebaseapphosting.googleapis.com/v1beta/projects/our-daily/locations 200
[debug] [2025-08-24T17:47:03.064Z] <<< [apiv2][body] GET https://firebaseapphosting.googleapis.com/v1beta/projects/our-daily/locations {"locations":[{"name":"projects/our-daily/locations/asia-east1","locationId":"asia-east1","displayName":"Taiwan"},{"name":"projects/our-daily/locations/europe-west4","locationId":"europe-west4","displayName":"Netherlands"},{"name":"projects/our-daily/locations/us-central1","locationId":"us-central1","displayName":"Iowa"}]}
[info] ✔  Location set to us-central1.
 
[debug] [2025-08-24T17:47:24.351Z] Checked if tokens are valid: true, expires at: 1756061119612
[debug] [2025-08-24T17:47:24.351Z] Checked if tokens are valid: true, expires at: 1756061119612
[debug] [2025-08-24T17:47:24.351Z] >>> [apiv2][query] GET https://firebaseapphosting.googleapis.com/v1beta/projects/our-daily/locations/us-central1/backends/our-daily-quilt [none]
[debug] [2025-08-24T17:47:24.648Z] <<< [apiv2][status] GET https://firebaseapphosting.googleapis.com/v1beta/projects/our-daily/locations/us-central1/backends/our-daily-quilt 404
[debug] [2025-08-24T17:47:24.649Z] <<< [apiv2][body] GET https://firebaseapphosting.googleapis.com/v1beta/projects/our-daily/locations/us-central1/backends/our-daily-quilt {"error":{"code":404,"message":"Resource 'projects/our-daily/locations/us-central1/backends/our-daily-quilt' was not found","status":"NOT_FOUND","details":[{"@type":"type.googleapis.com/google.rpc.ResourceInfo","resourceName":"projects/our-daily/locations/us-central1/backends/our-daily-quilt"}]}}
[info] ✔  Name set to our-daily-quilt
 
[debug] [2025-08-24T17:47:24.650Z] Checked if tokens are valid: true, expires at: 1756061119612
[debug] [2025-08-24T17:47:24.650Z] Checked if tokens are valid: true, expires at: 1756061119612
[debug] [2025-08-24T17:47:24.650Z] >>> [apiv2][query] GET https://firebase.googleapis.com/v1beta1/projects/our-daily/webApps pageSize=100
[debug] [2025-08-24T17:47:24.886Z] <<< [apiv2][status] GET https://firebase.googleapis.com/v1beta1/projects/our-daily/webApps 200
[debug] [2025-08-24T17:47:24.886Z] <<< [apiv2][body] GET https://firebase.googleapis.com/v1beta1/projects/our-daily/webApps {"apps":[{"name":"projects/our-daily/webApps/1:337201931314:web:fb5677846d03eb285ac82b","appId":"1:337201931314:web:fb5677846d03eb285ac82b","displayName":"our-daily","projectId":"our-daily","webId":"YjU2ZjIxYzEtY2Y1My00YmJhLTg4NzctYTY5YjAwMWFhNWRl","apiKeyId":"fdccec1c-ce19-4373-8aac-060f377099d9","state":"ACTIVE","expireTime":"1970-01-01T00:00:00Z","etag":"1_077609db-ba49-4f3a-8e6b-1981d61260d6"}]}
[debug] [2025-08-24T17:47:24.886Z] Checked if tokens are valid: true, expires at: 1756061119612
[debug] [2025-08-24T17:47:24.886Z] Checked if tokens are valid: true, expires at: 1756061119612
[debug] [2025-08-24T17:47:24.887Z] >>> [apiv2][query] GET https://firebase.googleapis.com/v1beta1/projects/our-daily/webApps pageSize=100
[debug] [2025-08-24T17:47:25.073Z] <<< [apiv2][status] GET https://firebase.googleapis.com/v1beta1/projects/our-daily/webApps 200
[debug] [2025-08-24T17:47:25.074Z] <<< [apiv2][body] GET https://firebase.googleapis.com/v1beta1/projects/our-daily/webApps {"apps":[{"name":"projects/our-daily/webApps/1:337201931314:web:fb5677846d03eb285ac82b","appId":"1:337201931314:web:fb5677846d03eb285ac82b","displayName":"our-daily","projectId":"our-daily","webId":"YjU2ZjIxYzEtY2Y1My00YmJhLTg4NzctYTY5YjAwMWFhNWRl","apiKeyId":"fdccec1c-ce19-4373-8aac-060f377099d9","state":"ACTIVE","expireTime":"1970-01-01T00:00:00Z","etag":"1_077609db-ba49-4f3a-8e6b-1981d61260d6"}]}
[debug] [2025-08-24T17:47:25.074Z] Checked if tokens are valid: true, expires at: 1756061119612
[debug] [2025-08-24T17:47:25.074Z] Checked if tokens are valid: true, expires at: 1756061119612
[debug] [2025-08-24T17:47:25.074Z] >>> [apiv2][query] POST https://firebase.googleapis.com/v1beta1/projects/our-daily/webApps [none]
[debug] [2025-08-24T17:47:25.074Z] >>> [apiv2][body] POST https://firebase.googleapis.com/v1beta1/projects/our-daily/webApps {"displayName":"our-daily-quilt"}
[debug] [2025-08-24T17:47:25.753Z] <<< [apiv2][status] POST https://firebase.googleapis.com/v1beta1/projects/our-daily/webApps 200
[debug] [2025-08-24T17:47:25.753Z] <<< [apiv2][body] POST https://firebase.googleapis.com/v1beta1/projects/our-daily/webApps {"name":"operations/workflows/NTA4MjJlZGMtNzgyNi00OGFhLTg0MDYtZDY0ZWNmZGU0YzAy"}
[debug] [2025-08-24T17:47:25.754Z] Checked if tokens are valid: true, expires at: 1756061119612
[debug] [2025-08-24T17:47:25.754Z] Checked if tokens are valid: true, expires at: 1756061119612
[debug] [2025-08-24T17:47:25.754Z] >>> [apiv2][query] GET https://firebase.googleapis.com/v1beta1/operations/workflows/NTA4MjJlZGMtNzgyNi00OGFhLTg0MDYtZDY0ZWNmZGU0YzAy [none]
[debug] [2025-08-24T17:47:25.938Z] <<< [apiv2][status] GET https://firebase.googleapis.com/v1beta1/operations/workflows/NTA4MjJlZGMtNzgyNi00OGFhLTg0MDYtZDY0ZWNmZGU0YzAy 200
[debug] [2025-08-24T17:47:25.939Z] <<< [apiv2][body] GET https://firebase.googleapis.com/v1beta1/operations/workflows/NTA4MjJlZGMtNzgyNi00OGFhLTg0MDYtZDY0ZWNmZGU0YzAy {"name":"operations/workflows/NTA4MjJlZGMtNzgyNi00OGFhLTg0MDYtZDY0ZWNmZGU0YzAy"}
[debug] [2025-08-24T17:47:26.441Z] [Create Web app Poller] Retrying task index 0
[debug] [2025-08-24T17:47:26.441Z] Checked if tokens are valid: true, expires at: 1756061119612
[debug] [2025-08-24T17:47:26.441Z] Checked if tokens are valid: true, expires at: 1756061119612
[debug] [2025-08-24T17:47:26.441Z] >>> [apiv2][query] GET https://firebase.googleapis.com/v1beta1/operations/workflows/NTA4MjJlZGMtNzgyNi00OGFhLTg0MDYtZDY0ZWNmZGU0YzAy [none]
[debug] [2025-08-24T17:47:26.624Z] <<< [apiv2][status] GET https://firebase.googleapis.com/v1beta1/operations/workflows/NTA4MjJlZGMtNzgyNi00OGFhLTg0MDYtZDY0ZWNmZGU0YzAy 200
[debug] [2025-08-24T17:47:26.625Z] <<< [apiv2][body] GET https://firebase.googleapis.com/v1beta1/operations/workflows/NTA4MjJlZGMtNzgyNi00OGFhLTg0MDYtZDY0ZWNmZGU0YzAy {"name":"operations/workflows/NTA4MjJlZGMtNzgyNi00OGFhLTg0MDYtZDY0ZWNmZGU0YzAy"}
[debug] [2025-08-24T17:47:27.626Z] [Create Web app Poller] Retrying task index 0
[debug] [2025-08-24T17:47:27.627Z] Checked if tokens are valid: true, expires at: 1756061119612
[debug] [2025-08-24T17:47:27.627Z] Checked if tokens are valid: true, expires at: 1756061119612
[debug] [2025-08-24T17:47:27.627Z] >>> [apiv2][query] GET https://firebase.googleapis.com/v1beta1/operations/workflows/NTA4MjJlZGMtNzgyNi00OGFhLTg0MDYtZDY0ZWNmZGU0YzAy [none]
[debug] [2025-08-24T17:47:27.792Z] <<< [apiv2][status] GET https://firebase.googleapis.com/v1beta1/operations/workflows/NTA4MjJlZGMtNzgyNi00OGFhLTg0MDYtZDY0ZWNmZGU0YzAy 200
[debug] [2025-08-24T17:47:27.793Z] <<< [apiv2][body] GET https://firebase.googleapis.com/v1beta1/operations/workflows/NTA4MjJlZGMtNzgyNi00OGFhLTg0MDYtZDY0ZWNmZGU0YzAy {"name":"operations/workflows/NTA4MjJlZGMtNzgyNi00OGFhLTg0MDYtZDY0ZWNmZGU0YzAy"}
[debug] [2025-08-24T17:47:29.794Z] [Create Web app Poller] Retrying task index 0
[debug] [2025-08-24T17:47:29.794Z] Checked if tokens are valid: true, expires at: 1756061119612
[debug] [2025-08-24T17:47:29.795Z] Checked if tokens are valid: true, expires at: 1756061119612
[debug] [2025-08-24T17:47:29.795Z] >>> [apiv2][query] GET https://firebase.googleapis.com/v1beta1/operations/workflows/NTA4MjJlZGMtNzgyNi00OGFhLTg0MDYtZDY0ZWNmZGU0YzAy [none]
[debug] [2025-08-24T17:47:29.987Z] <<< [apiv2][status] GET https://firebase.googleapis.com/v1beta1/operations/workflows/NTA4MjJlZGMtNzgyNi00OGFhLTg0MDYtZDY0ZWNmZGU0YzAy 200
[debug] [2025-08-24T17:47:29.987Z] <<< [apiv2][body] GET https://firebase.googleapis.com/v1beta1/operations/workflows/NTA4MjJlZGMtNzgyNi00OGFhLTg0MDYtZDY0ZWNmZGU0YzAy {"name":"operations/workflows/NTA4MjJlZGMtNzgyNi00OGFhLTg0MDYtZDY0ZWNmZGU0YzAy","done":true,"response":{"@type":"type.googleapis.com/google.firebase.service.v1beta1.WebApp","name":"projects/our-daily/webApps/1:337201931314:web:ba66b6f927c208045ac82b","appId":"1:337201931314:web:ba66b6f927c208045ac82b","displayName":"our-daily-quilt","projectId":"our-daily","webId":"NGM3ZmViNDktYmZjMy00NjAxLThjN2UtZDg5YTAzYjIzZDcz","apiKeyId":"fdccec1c-ce19-4373-8aac-060f377099d9","state":"ACTIVE","expireTime":"1970-01-01T00:00:00Z","etag":"1_d568dcb9-ea85-4668-aaa7-e01962bc20d2"}}
[info] ✔  Created a new Firebase web app named "our-daily-quilt" 
[debug] [2025-08-24T17:47:29.990Z] Checked if tokens are valid: true, expires at: 1756061119612
[debug] [2025-08-24T17:47:29.991Z] Checked if tokens are valid: true, expires at: 1756061119612
[debug] [2025-08-24T17:47:29.991Z] >>> [apiv2][query] POST https://firebaseapphosting.googleapis.com/v1beta/projects/our-daily/locations/us-central1/backends backendId=our-daily-quilt
[debug] [2025-08-24T17:47:29.991Z] >>> [apiv2][body] POST https://firebaseapphosting.googleapis.com/v1beta/projects/our-daily/locations/us-central1/backends {"servingLocality":"GLOBAL_ACCESS","labels":{"deployment-tool":"cli-firebase"},"serviceAccount":"firebase-app-hosting-compute@our-daily.iam.gserviceaccount.com","appId":"1:337201931314:web:ba66b6f927c208045ac82b"}
[debug] [2025-08-24T17:47:35.404Z] <<< [apiv2][status] POST https://firebaseapphosting.googleapis.com/v1beta/projects/our-daily/locations/us-central1/backends 200
[debug] [2025-08-24T17:47:35.404Z] <<< [apiv2][body] POST https://firebaseapphosting.googleapis.com/v1beta/projects/our-daily/locations/us-central1/backends {"name":"projects/our-daily/locations/us-central1/operations/operation-1756057650369-63d200874930a-ed71e2ef-aca6b87a","metadata":{"@type":"type.googleapis.com/google.firebase.apphosting.v1beta.OperationMetadata","createTime":"2025-08-24T17:47:35.475635010Z","target":"projects/our-daily/locations/us-central1/backends/our-daily-quilt","verb":"create","requestedCancellation":false,"apiVersion":"v1beta"},"done":false}
[debug] [2025-08-24T17:47:35.404Z] Checked if tokens are valid: true, expires at: 1756061119612
[debug] [2025-08-24T17:47:35.404Z] Checked if tokens are valid: true, expires at: 1756061119612
[debug] [2025-08-24T17:47:35.404Z] >>> [apiv2][query] GET https://firebaseapphosting.googleapis.com/v1beta/projects/our-daily/locations/us-central1/operations/operation-1756057650369-63d200874930a-ed71e2ef-aca6b87a [none]
[debug] [2025-08-24T17:47:35.511Z] <<< [apiv2][status] GET https://firebaseapphosting.googleapis.com/v1beta/projects/our-daily/locations/us-central1/operations/operation-1756057650369-63d200874930a-ed71e2ef-aca6b87a 200
[debug] [2025-08-24T17:47:35.511Z] <<< [apiv2][body] GET https://firebaseapphosting.googleapis.com/v1beta/projects/our-daily/locations/us-central1/operations/operation-1756057650369-63d200874930a-ed71e2ef-aca6b87a {"name":"projects/our-daily/locations/us-central1/operations/operation-1756057650369-63d200874930a-ed71e2ef-aca6b87a","metadata":{"@type":"type.googleapis.com/google.firebase.apphosting.v1beta.OperationMetadata","createTime":"2025-08-24T17:47:35.475635010Z","target":"projects/our-daily/locations/us-central1/backends/our-daily-quilt","verb":"create","requestedCancellation":false,"apiVersion":"v1beta"},"done":false}
[debug] [2025-08-24T17:47:36.013Z] [create-our-daily-us-central1-our-daily-quilt] Retrying task index 0
[debug] [2025-08-24T17:47:36.013Z] Checked if tokens are valid: true, expires at: 1756061119612
[debug] [2025-08-24T17:47:36.013Z] Checked if tokens are valid: true, expires at: 1756061119612
[debug] [2025-08-24T17:47:36.013Z] >>> [apiv2][query] GET https://firebaseapphosting.googleapis.com/v1beta/projects/our-daily/locations/us-central1/operations/operation-1756057650369-63d200874930a-ed71e2ef-aca6b87a [none]
[debug] [2025-08-24T17:47:36.112Z] <<< [apiv2][status] GET https://firebaseapphosting.googleapis.com/v1beta/projects/our-daily/locations/us-central1/operations/operation-1756057650369-63d200874930a-ed71e2ef-aca6b87a 200
[debug] [2025-08-24T17:47:36.112Z] <<< [apiv2][body] GET https://firebaseapphosting.googleapis.com/v1beta/projects/our-daily/locations/us-central1/operations/operation-1756057650369-63d200874930a-ed71e2ef-aca6b87a {"name":"projects/our-daily/locations/us-central1/operations/operation-1756057650369-63d200874930a-ed71e2ef-aca6b87a","metadata":{"@type":"type.googleapis.com/google.firebase.apphosting.v1beta.OperationMetadata","createTime":"2025-08-24T17:47:35.475635010Z","endTime":"2025-08-24T17:47:35.791146131Z","target":"projects/our-daily/locations/us-central1/backends/our-daily-quilt","verb":"create","requestedCancellation":false,"apiVersion":"v1beta"},"done":true,"response":{"@type":"type.googleapis.com/google.firebase.apphosting.v1beta.Backend","name":"projects/our-daily/locations/us-central1/backends/our-daily-quilt","createTime":"2025-08-24T17:47:35.471406900Z","updateTime":"2025-08-24T17:47:35.779258Z","labels":{"deployment-tool":"cli-firebase"},"uri":"our-daily-quilt--our-daily.us-central1.hosted.app","uid":"a88ccab2-d852-42e6-b534-e049cc13dbe4","etag":"NukzyeKhY8Yh9IPPZKRqE2RQhOcyuLw9gk-ka_Zf3PE","reconciling":false,"servingLocality":"GLOBAL_ACCESS","serviceAccount":"firebase-app-hosting-compute@our-daily.iam.gserviceaccount.com","appId":"1:337201931314:web:ba66b6f927c208045ac82b"}}
[info] i  === Deploy local source setup 
[debug] [2025-08-24T17:47:50.619Z] ExitPromptError: User force closed the prompt with SIGINT
    at Interface.sigint (/usr/local/lib/node_modules/firebase-tools/node_modules/@inquirer/core/dist/commonjs/lib/create-prompt.js:101:37)
    at Interface.emit (node:events:519:28)
    at Interface.emit (node:domain:488:12)
    at [_ttyWrite] [as _ttyWrite] (node:internal/readline/interface:1126:18)
    at ReadStream.onkeypress (node:internal/readline/interface:265:20)
    at ReadStream.emit (node:events:531:35)
    at ReadStream.emit (node:domain:488:12)
    at emitKeys (node:internal/readline/utils:371:14)
    at emitKeys.next (<anonymous>)
    at ReadStream.onData (node:internal/readline/emitKeypressEvents:64:36)
[error] 
[error] Error: An unexpected error has occurred.
